<?xml version="1.0" encoding="UTF-8"?>
<!-- Generated by org.testng.reporters.JUnitXMLReporter -->
<testsuite hostname="DESKTOP-04RP63D" ignored="0" name="Test_Cases" tests="8" failures="1" timestamp="2020-01-12T20:54:00 BDT" time="0.068" errors="0">
  <testcase name="anotherExample" time="0.01" classname="testngListenersUsageExamples.TestNGListenersAnnotationSetings">
    <failure type="java.lang.AssertionError" message="expected [true] but found [false]">
      <![CDATA[java.lang.AssertionError: expected [true] but found [false]
at testngListenersUsageExamples.TestNGListenersAnnotationSetings.anotherExample(TestNGListenersAnnotationSetings.java:22)
at java.util.ArrayList.forEach(Unknown Source)
... Removed 31 stack frames]]>
    </failure>
  </testcase> <!-- anotherExample -->
  <testcase name="anotherTest" time="0.001" classname="testngListenersUsageExamples.TestNGListenersAnnotationSetings">
    <skipped/>
  </testcase> <!-- anotherTest -->
  <testcase name="exampleTest" time="0.001" classname="testngListenersUsageExamples.TestNGListenersAnnotationSetings"/>
  <testcase name="testExample" time="0.001" classname="testngListenersUsageExamples.TestNGListenersAnnotationSetings"/>
  <testcase name="AnotherExample" time="0.0" classname="testngListenersUsageExamples.TestNGListenersAnnotationSetup"/>
  <testcase name="AnotherTest" time="0.001" classname="testngListenersUsageExamples.TestNGListenersAnnotationSetup"/>
  <testcase name="ExampleTest" time="0.001" classname="testngListenersUsageExamples.TestNGListenersAnnotationSetup"/>
  <testcase name="TestExample" time="0.001" classname="testngListenersUsageExamples.TestNGListenersAnnotationSetup"/>
</testsuite> <!-- Test_Cases -->
