<?xml version="1.0" encoding="UTF-8"?>
<!-- Generated by org.testng.reporters.JUnitXMLReporter -->
<testsuite hostname="DESKTOP-04RP63D" ignored="0" name="Test Cases" tests="2" failures="0" timestamp="2020-01-13T21:23:28 BDT" time="59.173" errors="0">
  <testcase name="navigationTest" time="1.075" classname="testNGExamples.MultipleBrowsersParallelTesting"/>
  <testcase name="commenceTest" time="11.273" classname="testNGExamples.MultipleBrowsersParallelTesting"/>
</testsuite> <!-- Test Cases -->
