<?xml version="1.0" encoding="UTF-8"?>
<!-- Generated by org.testng.reporters.JUnitXMLReporter -->
<testsuite hostname="DESKTOP-04RP63D" ignored="0" name="Test Cases For Chrome" tests="3" failures="0" timestamp="2020-01-13T21:32:32 BDT" time="9.323" errors="0">
  <testcase name="navigationTest" time="1.211" classname="testNGExamples.MultipleBrowsersParallelTesting"/>
  <testcase name="navigationTest" time="2.221" classname="testNGExamples.MultipleBrowsersParallelTesting"/>
  <testcase name="commenceTest" time="1.588" classname="testNGExamples.MultipleBrowsersParallelTesting"/>
</testsuite> <!-- Test Cases For Chrome -->
