<?xml version="1.0" encoding="UTF-8"?>
<!-- Generated by org.testng.reporters.JUnitXMLReporter -->
<testsuite hostname="DESKTOP-04RP63D" ignored="0" name="Test Cases" tests="6" failures="0" timestamp="2020-01-13T22:18:36 BDT" time="0.064" errors="0">
  <testcase name="WindowsUserTestCase" time="0.008" classname="testNGExamples.GroupingTestsCalssLevel"/>
  <testcase name="firstUserTestCase" time="0.001" classname="testNGExamples.GroupingTestsCalssLevel"/>
  <testcase name="fourthUserTestCase" time="0.001" classname="testNGExamples.GroupingTestsCalssLevel"/>
  <testcase name="linuxUserTestCase" time="0.001" classname="testNGExamples.GroupingTestsCalssLevel"/>
  <testcase name="secondUserTestCase" time="0.002" classname="testNGExamples.GroupingTestsCalssLevel"/>
  <testcase name="thirdUserTestCase" time="0.001" classname="testNGExamples.GroupingTestsCalssLevel"/>
</testsuite> <!-- Test Cases -->
