<?xml version="1.0" encoding="UTF-8"?>
<!-- Generated by org.testng.reporters.JUnitXMLReporter -->
<testsuite hostname="DESKTOP-04RP63D" ignored="0" name="TestNGExampleTestCase" tests="2" failures="0" timestamp="2020-01-07T21:15:56 BDT" time="8.71" errors="0">
  <testcase name="urlNavigation" time="2.352" classname="environmentTest.EnvironmentChekForTestNG"/>
  <testcase name="commenceTest" time="0.962" classname="environmentTest.EnvironmentChekForTestNG"/>
</testsuite> <!-- TestNGExampleTestCase -->
