<?xml version="1.0" encoding="UTF-8"?>
<!-- Generated by org.testng.reporters.JUnitXMLReporter -->
<testsuite hostname="DESKTOP-04RP63D" ignored="1" name="TestNGExamplesTestsCases" tests="5" failures="0" timestamp="2020-01-07T22:02:20 BDT" time="15.403" errors="0">
  <testcase name="urlNavigation" time="1.68" classname="testNGExamples.TestNGUsage"/>
  <testcase name="urlNavigation" time="1.698" classname="testNGExamples.AnotherUsage"/>
  <testcase name="commenceTest" time="0.832" classname="testNGExamples.AnotherUsage"/>
  <testcase name="commenceTest" time="0.851" classname="testNGExamples.TestNGUsage"/>
  <testcase name="findElement" time="2.864" classname="testNGExamples.TestNGUsage"/>
  <testcase name="findElement" time="0.0" classname="testNGExamples.AnotherUsage">
    <ignored/>
  </testcase> <!-- findElement -->
</testsuite> <!-- TestNGExamplesTestsCases -->
