<?xml version="1.0" encoding="UTF-8"?>
<!-- Generated by org.testng.reporters.JUnitXMLReporter -->
<testsuite hostname="DESKTOP-04RP63D" ignored="0" name="TestNGSampleTestCases" tests="4" failures="0" timestamp="2020-01-07T21:32:28 BDT" time="15.013" errors="0">
  <testcase name="urlNavigation" time="2.592" classname="testNGExamples.TestNGUsage"/>
  <testcase name="urlNavigation" time="2.825" classname="testNGExamples.AnotherUsage"/>
  <testcase name="commenceTest" time="0.915" classname="testNGExamples.TestNGUsage"/>
  <testcase name="commenceTest" time="0.766" classname="testNGExamples.AnotherUsage"/>
</testsuite> <!-- TestNGSampleTestCases -->
