<?xml version="1.0" encoding="UTF-8"?>
<!-- Generated by org.testng.reporters.JUnitXMLReporter -->
<testsuite hostname="DESKTOP-04RP63D" ignored="0" name="Test Cases" tests="8" failures="0" timestamp="2020-01-14T21:49:59 BDT" time="0.083" errors="0">
  <testcase name="anotherTest" time="0.011" classname="testNGExamples.UsingDependencies"/>
  <testcase name="hereAnother" time="0.001" classname="testNGExamples.UsingDependencies"/>
  <testcase name="usingAnother" time="0.001" classname="testNGExamples.UsingDependencies"/>
  <testcase name="yetAnother" time="0.001" classname="testNGExamples.UsingDependencies"/>
  <testcase name="usingRegex" time="0.001" classname="testNGExamples.UsingDependencies"/>
  <testcase name="testExample" time="0.0" classname="testNGExamples.UsingDependencies"/>
  <testcase name="exampleTest" time="0.002" classname="testNGExamples.UsingDependencies"/>
  <testcase name="anotherExample" time="0.001" classname="testNGExamples.UsingDependencies"/>
</testsuite> <!-- Test Cases -->
