<?xml version="1.0" encoding="UTF-8"?>
<!-- Generated by org.testng.reporters.JUnitXMLReporter -->
<testsuite hostname="DESKTOP-04RP63D" ignored="0" name="Default test" tests="2" failures="0" timestamp="2020-01-06T22:07:55 BDT" time="11.377" errors="0">
  <testcase name="urlNavigation" time="3.412" classname="extentsReportsUsageExample.BasicUsageWithTestNG"/>
  <testcase name="commenceTest" time="2.621" classname="extentsReportsUsageExample.BasicUsageWithTestNG"/>
</testsuite> <!-- Default test -->
