<?xml version="1.0" encoding="UTF-8"?>
<!-- Generated by org.testng.reporters.JUnitXMLReporter -->
<testsuite hostname="DESKTOP-04RP63D" ignored="0" name="Default test" tests="3" failures="0" timestamp="2020-01-07T21:56:46 BDT" time="7.698" errors="0">
  <testcase name="urlNavigation" time="1.593" classname="testNGExamples.AnotherUsage"/>
  <testcase name="commenceTest" time="0.878" classname="testNGExamples.AnotherUsage"/>
  <testcase name="findElement" time="2.02" classname="testNGExamples.AnotherUsage"/>
</testsuite> <!-- Default test -->
